{
    "C:\\Users\\ndeakin\\Documents\\git\\personal\\js-football-manager\\src\\app.ts": {
        "path": "C:\\Users\\ndeakin\\Documents\\git\\personal\\js-football-manager\\src\\app.ts",
        "statementMap": {
            "0": {
                "start": { "line": 1, "column": 0 },
                "end": { "line": 1, "column": 62 }
            },
            "1": {
                "start": { "line": 3, "column": 19 },
                "end": { "line": 14, "column": 1 }
            },
            "2": {
                "start": { "line": 4, "column": 23 },
                "end": { "line": 4, "column": 32 }
            },
            "3": {
                "start": { "line": 5, "column": 2 },
                "end": { "line": 5, "column": 26 }
            },
            "4": {
                "start": { "line": 7, "column": 2 },
                "end": { "line": 11, "column": 5 }
            },
            "5": {
                "start": { "line": 8, "column": 4 },
                "end": { "line": 10, "column": 7 }
            },
            "6": {
                "start": { "line": 13, "column": 2 },
                "end": { "line": 13, "column": 13 }
            },
            "7": {
                "start": { "line": 3, "column": 13 },
                "end": { "line": 3, "column": 19 }
            }
        },
        "fnMap": {
            "0": {
                "name": "(anonymous_1)",
                "decl": {
                    "start": { "line": 3, "column": 19 },
                    "end": { "line": 3, "column": 22 }
                },
                "loc": {
                    "start": { "line": 3, "column": 24 },
                    "end": { "line": 14, "column": 1 }
                }
            },
            "1": {
                "name": "(anonymous_2)",
                "decl": {
                    "start": { "line": 7, "column": 15 },
                    "end": { "line": 7, "column": 16 }
                },
                "loc": {
                    "start": { "line": 7, "column": 47 },
                    "end": { "line": 11, "column": 3 }
                }
            }
        },
        "branchMap": {},
        "s": { "0": 1, "1": 1, "2": 1, "3": 1, "4": 1, "5": 1, "6": 1, "7": 1 },
        "f": { "0": 1, "1": 1 },
        "b": {}
    }
}
